{
  "RSpec": {
    "coverage": {
      "/Users/oliverharrison/Projects/smartpension/sptechtest/SPLogTest/spec/Log_info_spec.rb": [
        null,
        null,
        1,
        null,
        1,
        1,
        null,
        null,
        null,
        1,
        1,
        1,
        1,
        null,
        null
      ],
      "/Users/oliverharrison/Projects/smartpension/sptechtest/SPLogTest/lib/Log_info.rb": [
        null,
        null,
        1,
        null,
        null,
        1,
        1,
        3,
        3,
        3,
        21,
        21,
        null,
        null
      ],
      "/Users/oliverharrison/Projects/smartpension/sptechtest/SPLogTest/lib/Log_reader.rb": [
        null,
        null,
        null,
        1,
        1,
        null,
        1,
        5,
        null,
        null,
        1,
        1,
        1,
        null,
        null,
        null,
        1,
        4,
        2000,
        null,
        null,
        null
      ],
      "/Users/oliverharrison/Projects/smartpension/sptechtest/SPLogTest/spec/Log_reader_spec.rb": [
        null,
        null,
        1,
        null,
        1,
        1,
        null,
        null,
        1,
        null,
        null,
        1,
        null,
        null,
        1,
        1,
        1,
        1,
        null,
        null
      ]
    },
    "timestamp": 1559221776
  }
}
