{
  "RSpec": {
    "coverage": {
      "/Users/oliverharrison/Projects/smartpension/sptechtest/SPLogTest/spec/display_results_spec.rb": [
        null,
        null,
        1,
        null,
        1,
        1,
        1,
        1,
        null,
        1,
        1,
        null,
        null,
        1,
        1,
        1,
        1,
        1,
        2,
        null,
        1,
        null,
        null
      ],
      "/Users/oliverharrison/Projects/smartpension/sptechtest/SPLogTest/lib/display_results.rb": [
        null,
        null,
        1,
        1,
        null,
        null,
        1,
        1,
        null,
        1,
        2,
        2,
        null,
        null,
        1,
        2,
        2,
        24,
        12,
        12,
        null,
        12,
        12,
        null,
        null,
        2,
        2,
        24,
        12,
        12,
        null,
        12,
        12,
        null,
        null,
        2,
        null,
        null,
        null,
        null,
        1,
        null,
        1,
        4,
        4,
        4,
        null,
        null,
        1,
        4,
        4,
        4,
        null,
        null
      ],
      "/Users/oliverharrison/Projects/smartpension/sptechtest/SPLogTest/lib/log_info.rb": [
        null,
        null,
        1,
        null,
        null,
        1,
        1,
        7,
        49,
        49,
        null,
        null,
        1,
        7,
        49,
        49,
        null,
        null,
        1,
        null,
        1,
        14,
        14,
        14,
        null,
        null
      ],
      "/Users/oliverharrison/Projects/smartpension/sptechtest/SPLogTest/lib/Log_reader.rb": [
        null,
        null,
        null,
        1,
        1,
        null,
        1,
        0,
        null,
        null,
        1,
        0,
        0,
        null,
        null,
        null
      ],
      "/Users/oliverharrison/Projects/smartpension/sptechtest/SPLogTest/lib/log_reader.rb": [
        null,
        null,
        null,
        1,
        1,
        null,
        1,
        23,
        null,
        null,
        1,
        15,
        7500,
        null,
        null,
        null
      ],
      "/Users/oliverharrison/Projects/smartpension/sptechtest/SPLogTest/spec/log_info_spec.rb": [
        null,
        null,
        1,
        null,
        1,
        1,
        null,
        null,
        1,
        1,
        1,
        1,
        null,
        null,
        1,
        1,
        1,
        1,
        1,
        null,
        null
      ],
      "/Users/oliverharrison/Projects/smartpension/sptechtest/SPLogTest/spec/log_reader_spec.rb": [
        null,
        null,
        1,
        null,
        1,
        1,
        null,
        null,
        1,
        1,
        1,
        1,
        null,
        null
      ]
    },
    "timestamp": 1559296857
  }
}
